{"timestamp":"2026-02-26T08:57:58.551676Z","level":"info","event":"DAG bundles loaded: dags-folder, example_dags","logger":"airflow.dag_processing.bundles.manager.DagBundlesManager","filename":"manager.py","lineno":179}
{"timestamp":"2026-02-26T08:57:58.553975Z","level":"info","event":"Filling up the DagBag from /opt/airflow/dags/tracks_risks.py","logger":"airflow.models.dagbag.BundleDagBag","filename":"dagbag.py","lineno":593}
{"timestamp":"2026-02-26T08:57:58.574675Z","level":"warning","event":"The `airflow.sensors.filesystem.FileSensor` attribute is deprecated. Please use `'airflow.providers.standard.sensors.filesystem.FileSensor'`.","category":"DeprecatedImportWarning","filename":"/opt/airflow/dags/tracks_risks.py","lineno":4,"logger":"py.warnings"}
{"timestamp":"2026-02-26T08:57:58.574816Z","level":"warning","event":"The `airflow.operators.bash.BashOperator` attribute is deprecated. Please use `'airflow.providers.standard.operators.bash.BashOperator'`.","category":"DeprecatedImportWarning","filename":"/opt/airflow/dags/tracks_risks.py","lineno":5,"logger":"py.warnings"}
{"timestamp":"2026-02-26T08:57:58.574910Z","level":"warning","event":"The `airflow.operators.python.PythonOperator` attribute is deprecated. Please use `'airflow.providers.standard.operators.python.PythonOperator'`.","category":"DeprecatedImportWarning","filename":"/opt/airflow/dags/tracks_risks.py","lineno":6,"logger":"py.warnings"}
{"timestamp":"2026-02-26T08:57:58.625250Z","level":"info","event":"Task instance is in running state","logger":"task.stdout"}
{"timestamp":"2026-02-26T08:57:58.625352Z","level":"info","event":" Previous state of the Task instance: TaskInstanceState.QUEUED","logger":"task.stdout"}
{"timestamp":"2026-02-26T08:57:58.625400Z","level":"info","event":"Current task name:wait_for_new_gpx","logger":"task.stdout"}
{"timestamp":"2026-02-26T08:57:58.625507Z","level":"info","event":"Dag name:ML_tracks_risks","logger":"task.stdout"}
{"timestamp":"2026-02-26T08:57:58.644417Z","level":"info","event":"Poking for file /data/input","logger":"airflow.task.operators.airflow.providers.standard.sensors.filesystem.FileSensor","filename":"filesystem.py","lineno":108}
{"timestamp":"2026-02-26T08:58:18.644980Z","level":"info","event":"Poking for file /data/input","logger":"airflow.task.operators.airflow.providers.standard.sensors.filesystem.FileSensor","filename":"filesystem.py","lineno":108}
{"timestamp":"2026-02-26T08:58:38.645445Z","level":"info","event":"Poking for file /data/input","logger":"airflow.task.operators.airflow.providers.standard.sensors.filesystem.FileSensor","filename":"filesystem.py","lineno":108}
{"timestamp":"2026-02-26T08:58:58.646651Z","level":"info","event":"Poking for file /data/input","logger":"airflow.task.operators.airflow.providers.standard.sensors.filesystem.FileSensor","filename":"filesystem.py","lineno":108}
{"timestamp":"2026-02-26T08:59:18.647054Z","level":"info","event":"Poking for file /data/input","logger":"airflow.task.operators.airflow.providers.standard.sensors.filesystem.FileSensor","filename":"filesystem.py","lineno":108}
{"timestamp":"2026-02-26T08:59:38.647350Z","level":"info","event":"Poking for file /data/input","logger":"airflow.task.operators.airflow.providers.standard.sensors.filesystem.FileSensor","filename":"filesystem.py","lineno":108}
{"timestamp":"2026-02-26T08:59:58.648144Z","level":"info","event":"Poking for file /data/input","logger":"airflow.task.operators.airflow.providers.standard.sensors.filesystem.FileSensor","filename":"filesystem.py","lineno":108}
{"timestamp":"2026-02-26T08:59:58.648432Z","level":"error","event":"Task failed with exception","logger":"task","filename":"task_runner.py","lineno":1109,"error_detail":[{"exc_type":"AirflowSensorTimeout","exc_value":"Sensor has timed out; run duration of 120.02318954400107 seconds exceeds the specified timeout of 120.0.","exc_notes":[],"syntax_error":null,"is_cause":false,"frames":[{"filename":"/home/airflow/.local/lib/python3.12/site-packages/airflow/sdk/execution_time/task_runner.py","lineno":1068,"name":"run"},{"filename":"/home/airflow/.local/lib/python3.12/site-packages/airflow/sdk/execution_time/task_runner.py","lineno":1477,"name":"_execute_task"},{"filename":"/home/airflow/.local/lib/python3.12/site-packages/airflow/sdk/bases/operator.py","lineno":417,"name":"wrapper"},{"filename":"/home/airflow/.local/lib/python3.12/site-packages/airflow/providers/standard/sensors/filesystem.py","lineno":122,"name":"execute"},{"filename":"/home/airflow/.local/lib/python3.12/site-packages/airflow/sdk/bases/operator.py","lineno":417,"name":"wrapper"},{"filename":"/home/airflow/.local/lib/python3.12/site-packages/airflow/sdk/bases/sensor.py","lineno":243,"name":"execute"}],"is_group":false,"exceptions":[]}]}
{"timestamp":"2026-02-26T08:59:58.649224Z","level":"info","event":"Task instance in failure state","logger":"task.stdout"}
{"timestamp":"2026-02-26T08:59:58.649454Z","level":"info","event":"Task start","logger":"task.stdout"}
{"timestamp":"2026-02-26T08:59:58.649548Z","level":"info","event":"Task:<Task(FileSensor): wait_for_new_gpx>","logger":"task.stdout"}
{"timestamp":"2026-02-26T08:59:58.649614Z","level":"info","event":"Failure caused by Sensor has timed out; run duration of 120.02318954400107 seconds exceeds the specified timeout of 120.0.","logger":"task.stdout"}
