{"timestamp":"2026-02-25T12:34:36.642719Z","level":"info","event":"DAG bundles loaded: dags-folder, example_dags","logger":"airflow.dag_processing.bundles.manager.DagBundlesManager","filename":"manager.py","lineno":179}
{"timestamp":"2026-02-25T12:34:36.645154Z","level":"info","event":"Filling up the DagBag from /home/airflow/.local/lib/python3.12/site-packages/airflow/example_dags/tutorial.py","logger":"airflow.models.dagbag.BundleDagBag","filename":"dagbag.py","lineno":593}
{"timestamp":"2026-02-25T12:34:36.695398Z","level":"info","event":"Task instance is in running state","logger":"task.stdout"}
{"timestamp":"2026-02-25T12:34:36.695547Z","level":"info","event":" Previous state of the Task instance: TaskInstanceState.QUEUED","logger":"task.stdout"}
{"timestamp":"2026-02-25T12:34:36.695777Z","level":"info","event":"Current task name:templated","logger":"task.stdout"}
{"timestamp":"2026-02-25T12:34:36.695863Z","level":"info","event":"Dag name:tutorial","logger":"task.stdout"}
{"timestamp":"2026-02-25T12:34:36.696734Z","level":"info","event":"Tmp dir root location: /tmp","logger":"airflow.task.hooks.airflow.providers.standard.hooks.subprocess.SubprocessHook","filename":"subprocess.py","lineno":78}
{"timestamp":"2026-02-25T12:34:36.698730Z","level":"info","event":"Running command: ['/usr/bin/bash', '-c', '\\n\\n    echo \"2026-02-25\"\\n    echo \"2026-03-04\"\\n\\n    echo \"2026-02-25\"\\n    echo \"2026-03-04\"\\n\\n    echo \"2026-02-25\"\\n    echo \"2026-03-04\"\\n\\n    echo \"2026-02-25\"\\n    echo \"2026-03-04\"\\n\\n    echo \"2026-02-25\"\\n    echo \"2026-03-04\"\\n']","logger":"airflow.task.hooks.airflow.providers.standard.hooks.subprocess.SubprocessHook","filename":"subprocess.py","lineno":80}
{"timestamp":"2026-02-25T12:34:36.699533Z","level":"info","event":"Output:","logger":"airflow.task.hooks.airflow.providers.standard.hooks.subprocess.SubprocessHook","filename":"subprocess.py","lineno":92}
{"timestamp":"2026-02-25T12:34:36.701000Z","level":"info","event":"2026-02-25","logger":"airflow.task.hooks.airflow.providers.standard.hooks.subprocess.SubprocessHook","filename":"subprocess.py","lineno":99}
{"timestamp":"2026-02-25T12:34:36.701066Z","level":"info","event":"2026-03-04","logger":"airflow.task.hooks.airflow.providers.standard.hooks.subprocess.SubprocessHook","filename":"subprocess.py","lineno":99}
{"timestamp":"2026-02-25T12:34:36.701104Z","level":"info","event":"2026-02-25","logger":"airflow.task.hooks.airflow.providers.standard.hooks.subprocess.SubprocessHook","filename":"subprocess.py","lineno":99}
{"timestamp":"2026-02-25T12:34:36.701139Z","level":"info","event":"2026-03-04","logger":"airflow.task.hooks.airflow.providers.standard.hooks.subprocess.SubprocessHook","filename":"subprocess.py","lineno":99}
{"timestamp":"2026-02-25T12:34:36.701172Z","level":"info","event":"2026-02-25","logger":"airflow.task.hooks.airflow.providers.standard.hooks.subprocess.SubprocessHook","filename":"subprocess.py","lineno":99}
{"timestamp":"2026-02-25T12:34:36.701202Z","level":"info","event":"2026-03-04","logger":"airflow.task.hooks.airflow.providers.standard.hooks.subprocess.SubprocessHook","filename":"subprocess.py","lineno":99}
{"timestamp":"2026-02-25T12:34:36.701232Z","level":"info","event":"2026-02-25","logger":"airflow.task.hooks.airflow.providers.standard.hooks.subprocess.SubprocessHook","filename":"subprocess.py","lineno":99}
{"timestamp":"2026-02-25T12:34:36.701261Z","level":"info","event":"2026-03-04","logger":"airflow.task.hooks.airflow.providers.standard.hooks.subprocess.SubprocessHook","filename":"subprocess.py","lineno":99}
{"timestamp":"2026-02-25T12:34:36.701290Z","level":"info","event":"2026-02-25","logger":"airflow.task.hooks.airflow.providers.standard.hooks.subprocess.SubprocessHook","filename":"subprocess.py","lineno":99}
{"timestamp":"2026-02-25T12:34:36.701357Z","level":"info","event":"2026-03-04","logger":"airflow.task.hooks.airflow.providers.standard.hooks.subprocess.SubprocessHook","filename":"subprocess.py","lineno":99}
{"timestamp":"2026-02-25T12:34:36.701442Z","level":"info","event":"Command exited with return code 0","logger":"airflow.task.hooks.airflow.providers.standard.hooks.subprocess.SubprocessHook","filename":"subprocess.py","lineno":103}
{"timestamp":"2026-02-25T12:34:36.702230Z","level":"info","event":"Pushing xcom","ti":"RuntimeTaskInstance(id=UUID('019c94cb-3b4f-7db4-ac48-50bb5f1f89a7'), task_id='templated', dag_id='tutorial', run_id='scheduled__2026-02-25T12:34:31.968636+00:00', try_number=1, dag_version_id=UUID('019c9442-38a0-7b2f-9ec0-28c47e9b079b'), map_index=-1, hostname='e3b4779fa0b8', context_carrier={}, task=<Task(BashOperator): templated>, bundle_instance=LocalDagBundle(name=example_dags), max_tries=1, start_date=datetime.datetime(2026, 2, 25, 12, 34, 35, 916701, tzinfo=datetime.timezone.utc), end_date=None, state=<TaskInstanceState.RUNNING: 'running'>, is_mapped=False, rendered_map_index=None)","logger":"task","filename":"task_runner.py","lineno":1522}
{"timestamp":"2026-02-25T12:34:36.723466Z","level":"info","event":"Task instance in success state","logger":"task.stdout"}
{"timestamp":"2026-02-25T12:34:36.723555Z","level":"info","event":" Previous state of the Task instance: TaskInstanceState.RUNNING","logger":"task.stdout"}
{"timestamp":"2026-02-25T12:34:36.723719Z","level":"info","event":"Task operator:<Task(BashOperator): templated>","logger":"task.stdout"}
