{"timestamp":"2026-02-26T06:49:32.257635Z","level":"info","event":"DAG bundles loaded: dags-folder, example_dags","logger":"airflow.dag_processing.bundles.manager.DagBundlesManager","filename":"manager.py","lineno":179}
{"timestamp":"2026-02-26T06:49:32.258355Z","level":"info","event":"Filling up the DagBag from /opt/airflow/dags/mytest.py","logger":"airflow.models.dagbag.BundleDagBag","filename":"dagbag.py","lineno":593}
{"timestamp":"2026-02-26T06:49:32.267391Z","level":"warning","event":"The `airflow.operators.bash.BashOperator` attribute is deprecated. Please use `'airflow.providers.standard.operators.bash.BashOperator'`.","category":"DeprecatedImportWarning","filename":"/opt/airflow/dags/mytest.py","lineno":33,"logger":"py.warnings"}
{"timestamp":"2026-02-26T06:49:32.297502Z","level":"info","event":"Task instance is in running state","logger":"task.stdout"}
{"timestamp":"2026-02-26T06:49:32.297656Z","level":"info","event":" Previous state of the Task instance: TaskInstanceState.QUEUED","logger":"task.stdout"}
{"timestamp":"2026-02-26T06:49:32.300288Z","level":"info","event":"Current task name:templated","logger":"task.stdout"}
{"timestamp":"2026-02-26T06:49:32.300487Z","level":"info","event":"Dag name:tutorial","logger":"task.stdout"}
{"timestamp":"2026-02-26T06:49:32.300864Z","level":"info","event":"Tmp dir root location: /tmp","logger":"airflow.task.hooks.airflow.providers.standard.hooks.subprocess.SubprocessHook","filename":"subprocess.py","lineno":78}
{"timestamp":"2026-02-26T06:49:32.301953Z","level":"info","event":"Running command: ['/usr/bin/bash', '-c', '\\n\\n    echo \"2026-02-26\"\\n    echo \"2026-03-05\"\\n    echo \"Parameter I passed in\"\\n\\n    echo \"2026-02-26\"\\n    echo \"2026-03-05\"\\n    echo \"Parameter I passed in\"\\n\\n    echo \"2026-02-26\"\\n    echo \"2026-03-05\"\\n    echo \"Parameter I passed in\"\\n\\n    echo \"2026-02-26\"\\n    echo \"2026-03-05\"\\n    echo \"Parameter I passed in\"\\n\\n    echo \"2026-02-26\"\\n    echo \"2026-03-05\"\\n    echo \"Parameter I passed in\"\\n']","logger":"airflow.task.hooks.airflow.providers.standard.hooks.subprocess.SubprocessHook","filename":"subprocess.py","lineno":80}
{"timestamp":"2026-02-26T06:49:32.302943Z","level":"info","event":"Output:","logger":"airflow.task.hooks.airflow.providers.standard.hooks.subprocess.SubprocessHook","filename":"subprocess.py","lineno":92}
{"timestamp":"2026-02-26T06:49:32.305626Z","level":"info","event":"2026-02-26","logger":"airflow.task.hooks.airflow.providers.standard.hooks.subprocess.SubprocessHook","filename":"subprocess.py","lineno":99}
{"timestamp":"2026-02-26T06:49:32.306057Z","level":"info","event":"2026-03-05","logger":"airflow.task.hooks.airflow.providers.standard.hooks.subprocess.SubprocessHook","filename":"subprocess.py","lineno":99}
{"timestamp":"2026-02-26T06:49:32.306138Z","level":"info","event":"Parameter I passed in","logger":"airflow.task.hooks.airflow.providers.standard.hooks.subprocess.SubprocessHook","filename":"subprocess.py","lineno":99}
{"timestamp":"2026-02-26T06:49:32.306234Z","level":"info","event":"2026-02-26","logger":"airflow.task.hooks.airflow.providers.standard.hooks.subprocess.SubprocessHook","filename":"subprocess.py","lineno":99}
{"timestamp":"2026-02-26T06:49:32.306317Z","level":"info","event":"2026-03-05","logger":"airflow.task.hooks.airflow.providers.standard.hooks.subprocess.SubprocessHook","filename":"subprocess.py","lineno":99}
{"timestamp":"2026-02-26T06:49:32.306385Z","level":"info","event":"Parameter I passed in","logger":"airflow.task.hooks.airflow.providers.standard.hooks.subprocess.SubprocessHook","filename":"subprocess.py","lineno":99}
{"timestamp":"2026-02-26T06:49:32.306440Z","level":"info","event":"2026-02-26","logger":"airflow.task.hooks.airflow.providers.standard.hooks.subprocess.SubprocessHook","filename":"subprocess.py","lineno":99}
{"timestamp":"2026-02-26T06:49:32.306513Z","level":"info","event":"2026-03-05","logger":"airflow.task.hooks.airflow.providers.standard.hooks.subprocess.SubprocessHook","filename":"subprocess.py","lineno":99}
{"timestamp":"2026-02-26T06:49:32.306582Z","level":"info","event":"Parameter I passed in","logger":"airflow.task.hooks.airflow.providers.standard.hooks.subprocess.SubprocessHook","filename":"subprocess.py","lineno":99}
{"timestamp":"2026-02-26T06:49:32.306681Z","level":"info","event":"2026-02-26","logger":"airflow.task.hooks.airflow.providers.standard.hooks.subprocess.SubprocessHook","filename":"subprocess.py","lineno":99}
{"timestamp":"2026-02-26T06:49:32.306752Z","level":"info","event":"2026-03-05","logger":"airflow.task.hooks.airflow.providers.standard.hooks.subprocess.SubprocessHook","filename":"subprocess.py","lineno":99}
{"timestamp":"2026-02-26T06:49:32.306820Z","level":"info","event":"Parameter I passed in","logger":"airflow.task.hooks.airflow.providers.standard.hooks.subprocess.SubprocessHook","filename":"subprocess.py","lineno":99}
{"timestamp":"2026-02-26T06:49:32.306888Z","level":"info","event":"2026-02-26","logger":"airflow.task.hooks.airflow.providers.standard.hooks.subprocess.SubprocessHook","filename":"subprocess.py","lineno":99}
{"timestamp":"2026-02-26T06:49:32.306968Z","level":"info","event":"2026-03-05","logger":"airflow.task.hooks.airflow.providers.standard.hooks.subprocess.SubprocessHook","filename":"subprocess.py","lineno":99}
{"timestamp":"2026-02-26T06:49:32.307045Z","level":"info","event":"Parameter I passed in","logger":"airflow.task.hooks.airflow.providers.standard.hooks.subprocess.SubprocessHook","filename":"subprocess.py","lineno":99}
{"timestamp":"2026-02-26T06:49:32.307182Z","level":"info","event":"Command exited with return code 0","logger":"airflow.task.hooks.airflow.providers.standard.hooks.subprocess.SubprocessHook","filename":"subprocess.py","lineno":103}
{"timestamp":"2026-02-26T06:49:32.307742Z","level":"info","event":"Pushing xcom","ti":"RuntimeTaskInstance(id=UUID('019c98b5-a691-7871-acdd-7e5ed296204a'), task_id='templated', dag_id='tutorial', run_id='manual__2026-02-26T06:49:27.397647+00:00', try_number=1, dag_version_id=UUID('019c94cb-c100-72c3-bdb9-1fda0ee579ee'), map_index=-1, hostname='e3b4779fa0b8', context_carrier={}, task=<Task(BashOperator): templated>, bundle_instance=LocalDagBundle(name=dags-folder), max_tries=1, start_date=datetime.datetime(2026, 2, 26, 6, 49, 31, 844511, tzinfo=datetime.timezone.utc), end_date=None, state=<TaskInstanceState.RUNNING: 'running'>, is_mapped=False, rendered_map_index=None)","logger":"task","filename":"task_runner.py","lineno":1522}
{"timestamp":"2026-02-26T06:49:32.358613Z","level":"info","event":"Task instance in success state","logger":"task.stdout"}
{"timestamp":"2026-02-26T06:49:32.358834Z","level":"info","event":" Previous state of the Task instance: TaskInstanceState.RUNNING","logger":"task.stdout"}
{"timestamp":"2026-02-26T06:49:32.359289Z","level":"info","event":"Task operator:<Task(BashOperator): templated>","logger":"task.stdout"}
